Reading lines...
Read 135842 sentence pairs
Trimmed to 10853 sentence pairs
Counting words...
Counted words:
fra 4489
eng 2925
['il se tient sur la colline .', 'he is standing on the hill .']
2m 13s (- 31m 13s) (5000 6%) 2.8950
4m 13s (- 27m 26s) (10000 13%) 2.3585
6m 12s (- 24m 50s) (15000 20%) 2.0248
8m 13s (- 22m 38s) (20000 26%) 1.8001
10m 14s (- 20m 29s) (25000 33%) 1.6015
12m 15s (- 18m 23s) (30000 40%) 1.4366
14m 15s (- 16m 17s) (35000 46%) 1.3074
16m 14s (- 14m 12s) (40000 53%) 1.1898
18m 16s (- 12m 10s) (45000 60%) 1.0820
20m 16s (- 10m 8s) (50000 66%) 0.9375
22m 17s (- 8m 6s) (55000 73%) 0.8678
24m 17s (- 6m 4s) (60000 80%) 0.7881
26m 17s (- 4m 2s) (65000 86%) 0.7569
28m 18s (- 2m 1s) (70000 93%) 0.6889
30m 23s (- 0m 0s) (75000 100%) 0.6434
